(---------------------------------------------------------------------)
(                                                                     )
(    NC ROUTE Log                                                     )
(                                                                     )
(    Drawing          : 1111592_xilinx_usb_cable_166_20220629_PCB.brd )
(    Software Version : 16.6-2015S108                                 )
(    Date/Time        : Wed Jun 29 15:49:40 2022                      )
(                                                                     )
(---------------------------------------------------------------------)



 Processing NC Parameters file 'nc_param.txt' ...

 NC PARAMETERS
 -------------

 FORMAT   		5.5
 MACHINE-OFFSET		x:0.00000	y:0.00000   (inch)
 FEEDRATE		1
 COORDINATES		ABSOLUTE
 OUTPUT-UNITS		ENGLISH
 TOOL-ORDER		INCREASING
 REPEAT-CODES		YES
 SUPPRESS-LEAD-ZEROES	NO
 SUPPRESS-TRAIL-ZEROES	NO
 SUPPRESS-EQUAL		NO
 TOOL-SELECT		YES
 HEADER			none
 LEADER			12
 CODE			ASCII
 SEPARATE		NO
 SEPARATE-ROUTING	NO
 OPTIMIZE_DRILLING	NO
 ENHANCED_EXCELLON	YES
 SCALE			1.000000


 WARNING(SPMHMF-326): Cannot find NC Route bit tool file 'ncroutebits.txt'
 WARNING(SPMHMF-327): ... will auto-generate bit tool file 'ncroutebits_auto.txt'.

 Auto-generating tool file 'ncroutebits_auto.txt' ...

     0.0200  T01       
     0.0260  T02       

-------------------------------------------------------------

 Pre_processing route path data ...

 WARNING(SPMHMF-296): No route path data was found for processing.


-------------------------------------------------------------

 Processing slot hole data ...

 OVAL      slots routed: 5
 RECTANGLE slots routed: 0

-------------------------------------------------------------

 NC Route file '1111592_xilinx_usb_cable_166_20220629_PCB.rou' created ...

-------------------------------------------------------------

 Program completed.

